'15-05-2022 17:53:58' : Sales User '1@asgharfurniture.ae' Logged In Successfully
'15-05-2022 18:16:09' : Sales User '1@asgharfurniture.ae' Logged In Successfully
'15-05-2022 18:16:55' : Admin User 'april@asgharfurniture.ae' Logged In Successfully
'15-05-2022 21:30:28' : User 'april@asgharfurniture.ae's Session would be expired in '-11613'
'15-05-2022 21:30:30' : User 'april@asgharfurniture.ae's Session would be expired in '-11615'
'15-05-2022 21:30:31' : User 'april@asgharfurniture.ae's Session would be expired in '-11616'
'15-05-2022 21:30:36' : User 'april@asgharfurniture.ae's Session would be expired in '-11621'
'15-05-2022 21:31:01' : User 'april@asgharfurniture.ae's Session would be expired in '-11646'
'15-05-2022 21:31:12' : User 'april@asgharfurniture.ae's Session would be expired in '-11657'
'15-05-2022 21:31:18' : User 'april@asgharfurniture.ae's Session would be expired in '-11663'
'15-05-2022 21:31:24' : User 'april@asgharfurniture.ae's Session would be expired in '-11669'
'15-05-2022 21:31:50' : User 'april@asgharfurniture.ae's Session would be expired in '-11695'
'15-05-2022 21:32:34' : Sales User '1@asgharfurniture.ae' Logged In Successfully
'15-05-2022 21:33:15' : User '1@asgharfurniture.ae's Session would be expired in '-41'
'15-05-2022 21:33:18' : User '1@asgharfurniture.ae's Session would be expired in '-44'
'15-05-2022 21:33:38' : User '1@asgharfurniture.ae's Session would be expired in '-64'
'15-05-2022 21:33:48' : User '1@asgharfurniture.ae's Session would be expired in '-74'
'15-05-2022 21:34:16' : User '1@asgharfurniture.ae's Session would be expired in '-102'
'15-05-2022 21:34:17' : User '1@asgharfurniture.ae's Session would be expired in '-103'
'15-05-2022 21:34:47' : User '1@asgharfurniture.ae's Session would be expired in '-133'
'15-05-2022 21:34:51' : User '1@asgharfurniture.ae's Session would be expired in '-137'
'15-05-2022 21:34:56' : User '1@asgharfurniture.ae's Session would be expired in '-142'
'15-05-2022 21:35:37' : User '1@asgharfurniture.ae's Session would be expired in '-183'
'15-05-2022 21:35:39' : User '1@asgharfurniture.ae's Session would be expired in '-185'
'15-05-2022 21:35:58' : User '1@asgharfurniture.ae's Session would be expired in '-204'
'15-05-2022 21:36:01' : User '1@asgharfurniture.ae's Session would be expired in '-207'
'15-05-2022 21:41:56' : User '1@asgharfurniture.ae's Session would be expired in '-562'
'15-05-2022 21:42:18' : User '1@asgharfurniture.ae's Session would be expired in '-584'
'15-05-2022 21:42:30' : User '1@asgharfurniture.ae's Session would be expired in '-596'
'15-05-2022 21:42:39' : User '1@asgharfurniture.ae's Session would be expired in '-605'
'15-05-2022 21:42:42' : User '1@asgharfurniture.ae's Session would be expired in '-608'
'15-05-2022 21:42:45' : User '1@asgharfurniture.ae's Session would be expired in '-611'
'15-05-2022 21:43:13' : User '1@asgharfurniture.ae's Session would be expired in '-639'
'15-05-2022 21:43:15' : User '1@asgharfurniture.ae's Session would be expired in '-641'
'15-05-2022 21:43:17' : User '1@asgharfurniture.ae's Session would be expired in '-643'
'15-05-2022 21:43:30' : User '1@asgharfurniture.ae's Session would be expired in '-656'
'15-05-2022 21:44:03' : User '1@asgharfurniture.ae's Session would be expired in '-689'
'15-05-2022 21:44:06' : User '1@asgharfurniture.ae's Session would be expired in '-692'
'15-05-2022 21:45:28' : User '1@asgharfurniture.ae's Session would be expired in '-774'
'15-05-2022 21:45:30' : User '1@asgharfurniture.ae's Session would be expired in '-776'
'15-05-2022 21:47:09' : User '1@asgharfurniture.ae's Session would be expired in '-875'
'15-05-2022 21:47:11' : User '1@asgharfurniture.ae's Session would be expired in '-877'
'15-05-2022 21:47:33' : User '1@asgharfurniture.ae's Session would be expired in '-899'
'15-05-2022 21:48:04' : User '1@asgharfurniture.ae's Session would be expired in '-930'
'15-05-2022 21:48:28' : User '1@asgharfurniture.ae's Session would be expired in '-954'
'15-05-2022 21:48:51' : User '1@asgharfurniture.ae's Session would be expired in '-977'
'15-05-2022 21:53:25' : User '1@asgharfurniture.ae's Session would be expired in '-1251'
'15-05-2022 21:53:28' : User '1@asgharfurniture.ae's Session would be expired in '-1254'
'15-05-2022 21:53:45' : User '1@asgharfurniture.ae's Session would be expired in '-1271'
'15-05-2022 21:54:42' : User '1@asgharfurniture.ae's Session would be expired in '-1328'
'15-05-2022 21:54:50' : User '1@asgharfurniture.ae's Session would be expired in '-1336'
'15-05-2022 21:54:51' : User '1@asgharfurniture.ae's Session would be expired in '-1337'
'15-05-2022 21:54:52' : User '1@asgharfurniture.ae's Session would be expired in '-1338'
'15-05-2022 21:54:55' : User '1@asgharfurniture.ae's Session would be expired in '-1341'
'15-05-2022 22:12:43' : User '1@asgharfurniture.ae's Session would be expired in '-2409'
'15-05-2022 22:12:49' : User '1@asgharfurniture.ae's Session would be expired in '-2415'
'15-05-2022 22:13:12' : User '1@asgharfurniture.ae's Session would be expired in '-2438'
'15-05-2022 22:14:07' : User '1@asgharfurniture.ae's Session would be expired in '-2493'
'15-05-2022 22:14:30' : User '1@asgharfurniture.ae's Session would be expired in '-2516'
'15-05-2022 22:15:09' : User '1@asgharfurniture.ae's Session would be expired in '-2555'
'15-05-2022 22:15:13' : User '1@asgharfurniture.ae's Session would be expired in '-2559'
'15-05-2022 22:15:20' : User '1@asgharfurniture.ae's Session would be expired in '-2566'
'15-05-2022 22:15:32' : User '1@asgharfurniture.ae's Session would be expired in '-2578'
'15-05-2022 22:15:54' : User '1@asgharfurniture.ae's Session would be expired in '-2600'
'15-05-2022 22:16:02' : User '1@asgharfurniture.ae's Session would be expired in '-2608'
'15-05-2022 22:16:12' : User '1@asgharfurniture.ae's Session would be expired in '-2618'
'15-05-2022 22:19:21' : User '1@asgharfurniture.ae's Session would be expired in '-2807'
'15-05-2022 22:20:39' : User '1@asgharfurniture.ae's Session would be expired in '-2885'
'15-05-2022 22:20:55' : User '1@asgharfurniture.ae's Session would be expired in '-2901'
'15-05-2022 22:20:58' : User '1@asgharfurniture.ae's Session would be expired in '-2904'
'15-05-2022 22:21:06' : User '1@asgharfurniture.ae's Session would be expired in '-2912'
'15-05-2022 22:21:20' : User '1@asgharfurniture.ae's Session would be expired in '-2926'
'15-05-2022 22:24:05' : Session is not set, Login Attempt Admin User
