'11-05-2022 11:02:58' : Admin User 'admin@asgharfurniture.ae' Logged In Successfully
'11-05-2022 13:56:07' : Factory User 'factory@asgharfurniture.ae' Logged In Successfully
'11-05-2022 13:57:10' : Admin User 'admin@asgharfurniture.ae' Logged In Successfully
'11-05-2022 14:52:22' : Factory User 'factory@asgharfurniture.ae' Logged In Successfully
'11-05-2022 15:07:30' : Factory User 'factory@asgharfurniture.ae' Logged In Successfully
'11-05-2022 15:08:06' : Factory User 'factory@asgharfurniture.ae' Logged In Successfully
'11-05-2022 15:09:00' : Factory User 'factory@asgharfurniture.ae' Logged In Successfully
'11-05-2022 15:18:04' : Factory User 'factory@asgharfurniture.ae' Logged In Successfully
'11-05-2022 16:30:19' : Admin User 'admin@asgharfurniture.ae' Logged In Successfully
'11-05-2022 16:30:41' : Factory User 'factory@asgharfurniture.ae' Logged In Successfully
'11-05-2022 17:22:05' : Factory User 'factory@asgharfurniture.ae' Logged In Successfully
'11-05-2022 17:25:00' : Sales User 'admin@asgharfurniture.ae' Logged In Successfully
'11-05-2022 17:30:39' : STAFF User 'staff@asgharfurniture.ae' Logged In Successfully
'11-05-2022 17:32:05' : Sales User 'luxifer@asgharfurniture.ae' Logged In Successfully
'11-05-2022 17:32:29' : Admin User 'april@asgharfurniture.ae' Logged In Successfully
'11-05-2022 17:34:09' : Factory User 'factory@asgharfurniture.ae' Logged In Successfully
'11-05-2022 17:35:32' : Factory User 'factory@asgharfurniture.ae' Logged In Successfully
'11-05-2022 17:35:47' : Sales User 'luxifer@asgharfurniture.ae' Logged In Successfully
'11-05-2022 17:38:19' : Sales User '1@asgharfurniture.ae' Logged In Successfully
'11-05-2022 17:39:03' : Admin User 'april@asgharfurniture.ae' Logged In Successfully
'11-05-2022 17:39:17' : Session is not set, Login Attempt Admin User
'11-05-2022 17:39:23' : Session is not set, Login Attempt Admin User
'11-05-2022 17:39:44' : Session is not set, Login Attempt Admin User
'11-05-2022 17:40:12' : Sales User '1@asgharfurniture.ae' Logged In Successfully
'11-05-2022 17:40:17' : Session is not set, Login Attempt Admin User
'11-05-2022 17:42:12' : Factory User 'talha@asgharfurniture.ae' Logged In Successfully
'11-05-2022 17:43:15' : Sales User '1@asgharfurniture.ae' Logged In Successfully
'11-05-2022 17:43:31' : Session is not set, Login Attempt Admin User
'11-05-2022 18:04:14' : User '1@asgharfurniture.ae's Session would be expired in '-1259'
'11-05-2022 18:04:15' : User '1@asgharfurniture.ae's Session would be expired in '-1260'
'11-05-2022 18:04:44' : Admin User 'april@asgharfurniture.ae' Logged In Successfully
'11-05-2022 18:04:47' : User 'april@asgharfurniture.ae's Session would be expired in '-3'
'11-05-2022 18:04:48' : User 'april@asgharfurniture.ae's Session would be expired in '-4'
'11-05-2022 18:04:50' : User 'april@asgharfurniture.ae's Session would be expired in '-6'
'11-05-2022 18:08:32' : Sales User '1@asgharfurniture.ae' Logged In Successfully
'11-05-2022 18:08:38' : User '1@asgharfurniture.ae's Session would be expired in '-6'
'11-05-2022 18:08:41' : User '1@asgharfurniture.ae's Session would be expired in '-9'
'11-05-2022 18:11:58' : Factory User 'factory@asgharfurniture.ae' Logged In Successfully
